<?xml version="1.0" encoding="UTF-8"?>
<!-- Generated by org.testng.reporters.JUnitReportReporter -->
<testsuite hostname="DESKTOP-O6PK2DD" failures="0" tests="1" name="practice.comTest.Practice_Test" time="0.010" errors="0" timestamp="2024-01-24T11:31:28 IST" skipped="0">
  <testcase classname="practice.comTest.Practice_Test" name="TestCase1" time="0.010"/>
  <system-out/>
</testsuite> <!-- practice.comTest.Practice_Test -->
