<?xml version="1.0" encoding="UTF-8"?>
<!-- Generated by org.testng.reporters.JUnitReportReporter -->
<testsuite hostname="DESKTOP-O6PK2DD" failures="0" tests="2" name="practice.comTest.Practice1_Test" time="0.002" errors="0" timestamp="2024-01-24T11:31:28 IST" skipped="0">
  <testcase classname="practice.comTest.Practice1_Test" name="test3" time="0.001"/>
  <system-out/>
  <testcase classname="practice.comTest.Practice1_Test" name="test1" time="0.001"/>
  <system-out/>
</testsuite> <!-- practice.comTest.Practice1_Test -->
